TN:
SF:config/database.js
FNF:0
FNH:0
DA:1,1
DA:2,1
DA:3,1
DA:4,1
DA:5,1
DA:6,1
DA:7,1
DA:8,1
DA:9,1
DA:10,1
DA:11,1
DA:12,1
DA:13,1
DA:14,1
DA:15,1
DA:16,1
DA:17,1
DA:18,1
DA:19,1
DA:20,1
DA:21,1
DA:22,1
DA:23,1
DA:24,1
DA:25,1
DA:26,1
DA:27,1
DA:28,1
DA:29,1
DA:30,1
DA:31,1
DA:32,1
LF:32
LH:32
BRF:0
BRH:0
end_of_record
TN:
SF:src/app.js
FNF:0
FNH:0
DA:1,1
DA:2,1
DA:3,1
DA:4,1
DA:5,1
DA:6,1
DA:7,1
DA:8,1
DA:9,1
DA:10,1
DA:11,1
DA:12,1
DA:13,1
DA:14,1
DA:15,1
DA:16,1
DA:17,1
DA:18,1
DA:19,1
DA:20,1
DA:21,1
DA:22,1
DA:23,1
LF:23
LH:23
BRDA:20,0,0,1
BRF:1
BRH:1
end_of_record
TN:
SF:src/application/services/userService.js
FN:3,findAllUser
FNF:1
FNH:1
FNDA:7,findAllUser
DA:1,1
DA:2,1
DA:3,1
DA:4,7
DA:5,7
DA:6,6
DA:7,6
DA:8,6
DA:9,6
DA:10,6
DA:11,6
DA:12,6
DA:13,6
DA:14,6
DA:15,6
DA:16,6
DA:17,6
DA:18,6
DA:19,6
DA:20,6
DA:21,1
DA:22,1
DA:23,1
DA:24,1
DA:25,1
DA:26,1
DA:27,1
DA:28,1
DA:29,1
DA:30,7
DA:31,1
DA:32,1
DA:33,1
DA:34,1
LF:34
LH:34
BRDA:3,0,0,7
BRDA:5,1,0,6
BRDA:20,2,0,1
BRF:3
BRH:3
end_of_record
TN:
SF:src/domain/repositories/userRepository.js
FN:9,findAll
FNF:1
FNH:1
FNDA:7,findAll
DA:1,1
DA:2,1
DA:3,1
DA:4,1
DA:5,1
DA:6,1
DA:7,1
DA:8,1
DA:9,1
DA:10,7
DA:11,7
DA:12,7
DA:13,7
DA:14,7
DA:15,7
DA:16,7
DA:17,7
DA:18,7
DA:19,7
DA:20,7
DA:21,7
DA:22,7
DA:23,7
DA:24,7
DA:25,7
DA:26,7
DA:27,7
DA:28,7
DA:29,7
DA:30,7
DA:31,7
DA:32,7
DA:33,7
DA:34,7
DA:35,7
DA:36,7
DA:37,7
DA:38,7
DA:39,7
DA:40,6
DA:41,6
DA:42,6
DA:43,6
DA:44,6
DA:45,1
DA:46,1
DA:47,1
DA:48,7
DA:49,1
DA:50,1
DA:51,1
DA:52,1
LF:52
LH:52
BRDA:9,0,0,7
BRDA:39,1,0,6
BRDA:44,2,0,1
BRF:3
BRH:3
end_of_record
TN:
SF:src/infrastructure/database/models/book.js
FN:5,Object.<anonymous>.module.exports
FN:12,associate
FNF:2
FNH:2
FNDA:6,Object.<anonymous>.module.exports
FNDA:3,associate
DA:1,1
DA:2,1
DA:3,1
DA:4,1
DA:5,1
DA:6,6
DA:7,6
DA:8,6
DA:9,6
DA:10,6
DA:11,6
DA:12,6
DA:13,3
DA:14,3
DA:15,3
DA:16,3
DA:17,3
DA:18,6
DA:19,6
DA:20,6
DA:21,6
DA:22,6
DA:23,6
DA:24,6
DA:25,6
DA:26,6
DA:27,6
DA:28,6
DA:29,6
DA:30,6
DA:31,6
DA:32,6
DA:33,6
DA:34,6
DA:35,6
LF:35
LH:35
BRDA:5,0,0,6
BRDA:12,1,0,3
BRF:2
BRH:2
end_of_record
TN:
SF:src/infrastructure/database/models/borrow.js
FN:5,Object.<anonymous>.module.exports
FN:12,associate
FNF:2
FNH:2
FNDA:6,Object.<anonymous>.module.exports
FNDA:3,associate
DA:1,1
DA:2,1
DA:3,1
DA:4,1
DA:5,1
DA:6,6
DA:7,6
DA:8,6
DA:9,6
DA:10,6
DA:11,6
DA:12,6
DA:13,3
DA:14,3
DA:15,3
DA:16,3
DA:17,3
DA:18,3
DA:19,3
DA:20,3
DA:21,6
DA:22,6
DA:23,6
DA:24,6
DA:25,6
DA:26,6
DA:27,6
DA:28,6
DA:29,6
DA:30,6
DA:31,6
DA:32,6
DA:33,6
DA:34,6
DA:35,6
DA:36,6
DA:37,6
DA:38,6
DA:39,6
LF:39
LH:39
BRDA:5,0,0,6
BRDA:12,1,0,3
BRF:2
BRH:2
end_of_record
TN:
SF:src/infrastructure/database/models/index.js
FNF:0
FNH:0
DA:1,1
DA:2,1
DA:3,1
DA:4,1
DA:5,1
DA:6,1
DA:7,1
DA:8,1
DA:9,1
DA:10,1
DA:11,1
DA:12,1
DA:13,1
DA:14,0
DA:15,1
DA:16,1
DA:17,1
DA:18,1
DA:19,1
DA:20,1
DA:21,1
DA:22,1
DA:23,1
DA:24,1
DA:25,1
DA:26,12
DA:27,12
DA:28,12
DA:29,12
DA:30,9
DA:31,12
DA:32,12
DA:33,1
DA:34,9
DA:35,9
DA:36,9
DA:37,9
DA:38,9
DA:39,1
DA:40,1
DA:41,1
DA:42,9
DA:43,9
DA:44,9
DA:45,9
DA:46,1
DA:47,1
DA:48,1
DA:49,1
DA:50,1
DA:51,1
DA:52,1
DA:53,1
DA:54,1
DA:55,1
LF:55
LH:54
BRDA:8,0,0,0
BRDA:13,1,0,0
BRDA:25,2,0,12
BRDA:28,3,0,9
BRDA:29,4,0,9
BRDA:33,5,0,9
BRDA:41,6,0,9
BRF:7
BRH:5
end_of_record
TN:
SF:src/infrastructure/database/models/user.js
FN:3,Object.<anonymous>.module.exports
FN:10,associate
FNF:2
FNH:2
FNDA:6,Object.<anonymous>.module.exports
FNDA:3,associate
DA:1,1
DA:2,1
DA:3,1
DA:4,6
DA:5,6
DA:6,6
DA:7,6
DA:8,6
DA:9,6
DA:10,6
DA:11,3
DA:12,3
DA:13,3
DA:14,3
DA:15,6
DA:16,6
DA:17,6
DA:18,6
DA:19,6
DA:20,6
DA:21,6
DA:22,6
DA:23,6
DA:24,6
DA:25,6
DA:26,6
DA:27,6
DA:28,6
DA:29,6
DA:30,6
DA:31,6
DA:32,6
LF:32
LH:32
BRDA:3,0,0,6
BRDA:10,1,0,3
BRF:2
BRH:2
end_of_record
TN:
SF:src/interfaces/controllers/userController.js
FN:3,getListUser
FNF:1
FNH:1
FNDA:14,getListUser
DA:1,1
DA:2,1
DA:3,1
DA:4,14
DA:5,14
DA:6,14
DA:7,4
DA:8,14
DA:9,10
DA:10,10
DA:11,2
DA:12,2
DA:13,2
DA:14,2
DA:15,2
DA:16,2
DA:17,10
DA:18,12
DA:19,12
DA:20,14
DA:21,4
DA:22,14
DA:23,8
DA:24,8
DA:25,2
DA:26,2
DA:27,2
DA:28,2
DA:29,2
DA:30,2
DA:31,8
DA:32,10
DA:33,10
DA:34,10
DA:35,10
DA:36,1
DA:37,1
DA:38,1
DA:39,1
LF:39
LH:39
BRDA:3,0,0,14
BRDA:6,1,0,12
BRDA:6,2,0,4
BRDA:8,3,0,10
BRDA:10,4,0,8
BRDA:10,5,0,2
BRDA:17,6,0,12
BRDA:20,7,0,10
BRDA:20,8,0,4
BRDA:22,9,0,8
BRDA:24,10,0,6
BRDA:24,11,0,2
BRDA:31,12,0,10
BRF:13
BRH:13
end_of_record
TN:
SF:src/interfaces/middleware/requestId.js
FN:3,requestIdMiddleware
FNF:1
FNH:1
FNDA:7,requestIdMiddleware
DA:1,1
DA:2,1
DA:3,1
DA:4,7
DA:5,7
DA:6,7
DA:7,7
DA:8,7
DA:9,7
DA:10,7
DA:11,7
DA:12,7
DA:13,7
DA:14,7
DA:15,7
DA:16,7
DA:17,1
DA:18,1
LF:18
LH:18
BRDA:3,0,0,7
BRF:1
BRH:1
end_of_record
TN:
SF:src/interfaces/middleware/requestLogger.js
FN:1,requestLoggerMiddleware
FNF:1
FNH:1
FNDA:7,requestLoggerMiddleware
DA:1,1
DA:2,7
DA:3,7
DA:4,7
DA:5,1
DA:6,1
LF:6
LH:6
BRDA:1,0,0,7
BRF:1
BRH:1
end_of_record
TN:
SF:src/interfaces/routes/userRoutes.js
FNF:0
FNH:0
DA:1,1
DA:2,1
DA:3,1
DA:4,1
DA:5,1
DA:6,1
DA:7,1
LF:7
LH:7
BRF:0
BRH:0
end_of_record
TN:
SF:src/interfaces/utils/templateResponeApi.js
FN:2,toTemplateResponseApi
FNF:1
FNH:1
FNDA:5,toTemplateResponseApi
DA:1,1
DA:2,1
DA:3,5
DA:4,5
DA:5,5
DA:6,5
DA:7,5
DA:8,5
DA:9,5
DA:10,5
DA:11,1
LF:11
LH:11
BRDA:2,0,0,5
BRF:1
BRH:1
end_of_record
