TN:
SF:config/database.js
FNF:0
FNH:0
DA:1,1
DA:2,1
DA:3,1
DA:4,1
DA:5,1
DA:6,1
DA:7,1
DA:8,1
DA:9,1
DA:10,1
DA:11,1
DA:12,1
DA:13,1
DA:14,1
DA:15,1
DA:16,1
DA:17,1
DA:18,1
DA:19,1
DA:20,1
DA:21,1
DA:22,1
DA:23,1
DA:24,1
DA:25,1
DA:26,1
DA:27,1
DA:28,1
DA:29,1
DA:30,1
DA:31,1
DA:32,1
LF:32
LH:32
BRF:0
BRH:0
end_of_record
TN:
SF:src/app.js
FNF:0
FNH:0
DA:1,1
DA:2,1
DA:3,1
DA:4,1
DA:5,1
DA:6,1
DA:7,1
DA:8,1
DA:9,1
DA:10,1
DA:11,1
DA:12,1
DA:13,1
DA:14,1
DA:15,1
DA:16,1
DA:17,1
DA:18,1
DA:19,1
DA:20,1
DA:21,1
DA:22,1
DA:23,1
DA:24,1
DA:25,1
LF:25
LH:25
BRDA:22,0,0,1
BRF:1
BRH:1
end_of_record
TN:
SF:src/application/services/bookService.js
FN:3,findAllBooks
FNF:1
FNH:1
FNDA:5,findAllBooks
DA:1,1
DA:2,1
DA:3,1
DA:4,5
DA:5,5
DA:6,5
DA:7,5
DA:8,5
DA:9,5
DA:10,5
DA:11,5
DA:12,5
DA:13,5
DA:14,5
DA:15,5
DA:16,5
DA:17,5
DA:18,5
DA:19,5
DA:20,5
DA:21,5
DA:22,0
DA:23,0
DA:24,0
DA:25,0
DA:26,0
DA:27,0
DA:28,0
DA:29,0
DA:30,0
DA:31,5
DA:32,1
DA:33,1
LF:33
LH:24
BRDA:3,0,0,5
BRDA:21,1,0,0
BRF:2
BRH:1
end_of_record
TN:
SF:src/application/services/userService.js
FN:3,findAllUser
FNF:1
FNH:1
FNDA:5,findAllUser
DA:1,1
DA:2,1
DA:3,1
DA:4,5
DA:5,5
DA:6,5
DA:7,5
DA:8,5
DA:9,5
DA:10,5
DA:11,5
DA:12,5
DA:13,5
DA:14,5
DA:15,5
DA:16,5
DA:17,5
DA:18,5
DA:19,5
DA:20,5
DA:21,0
DA:22,0
DA:23,0
DA:24,0
DA:25,0
DA:26,0
DA:27,0
DA:28,0
DA:29,0
DA:30,5
DA:31,1
DA:32,1
DA:33,1
DA:34,1
LF:34
LH:25
BRDA:3,0,0,5
BRDA:20,1,0,0
BRF:2
BRH:1
end_of_record
TN:
SF:src/domain/repositories/bookRepository.js
FN:4,findAllBook
FNF:1
FNH:1
FNDA:5,findAllBook
DA:1,1
DA:2,1
DA:3,1
DA:4,1
DA:5,5
DA:6,5
DA:7,5
DA:8,5
DA:9,5
DA:10,5
DA:11,5
DA:12,5
DA:13,0
DA:14,0
DA:15,0
DA:16,5
DA:17,1
DA:18,1
DA:19,1
DA:20,1
LF:20
LH:17
BRDA:4,0,0,5
BRDA:12,1,0,0
BRF:2
BRH:1
end_of_record
TN:
SF:src/domain/repositories/userRepository.js
FN:9,findAll
FNF:1
FNH:1
FNDA:5,findAll
DA:1,1
DA:2,1
DA:3,1
DA:4,1
DA:5,1
DA:6,1
DA:7,1
DA:8,1
DA:9,1
DA:10,5
DA:11,5
DA:12,5
DA:13,5
DA:14,5
DA:15,5
DA:16,5
DA:17,5
DA:18,5
DA:19,5
DA:20,5
DA:21,5
DA:22,5
DA:23,5
DA:24,5
DA:25,5
DA:26,5
DA:27,5
DA:28,5
DA:29,5
DA:30,5
DA:31,5
DA:32,5
DA:33,5
DA:34,5
DA:35,5
DA:36,5
DA:37,5
DA:38,5
DA:39,5
DA:40,5
DA:41,5
DA:42,5
DA:43,5
DA:44,5
DA:45,0
DA:46,0
DA:47,0
DA:48,5
DA:49,1
DA:50,1
DA:51,1
DA:52,1
LF:52
LH:49
BRDA:9,0,0,5
BRDA:44,1,0,0
BRF:2
BRH:1
end_of_record
TN:
SF:src/infrastructure/database/models/book.js
FN:5,Object.<anonymous>.module.exports
FN:12,associate
FNF:2
FNH:2
FNDA:2,Object.<anonymous>.module.exports
FNDA:1,associate
DA:1,1
DA:2,1
DA:3,1
DA:4,1
DA:5,1
DA:6,2
DA:7,2
DA:8,2
DA:9,2
DA:10,2
DA:11,2
DA:12,2
DA:13,1
DA:14,1
DA:15,1
DA:16,1
DA:17,1
DA:18,2
DA:19,2
DA:20,2
DA:21,2
DA:22,2
DA:23,2
DA:24,2
DA:25,2
DA:26,2
DA:27,2
DA:28,2
DA:29,2
DA:30,2
DA:31,2
DA:32,2
DA:33,2
DA:34,2
DA:35,2
DA:36,2
DA:37,2
DA:38,2
DA:39,2
DA:40,2
DA:41,2
DA:42,2
DA:43,2
DA:44,2
DA:45,2
DA:46,2
DA:47,2
DA:48,2
LF:48
LH:48
BRDA:5,0,0,2
BRDA:12,1,0,1
BRF:2
BRH:2
end_of_record
TN:
SF:src/infrastructure/database/models/borrow.js
FN:5,Object.<anonymous>.module.exports
FN:12,associate
FNF:2
FNH:2
FNDA:2,Object.<anonymous>.module.exports
FNDA:1,associate
DA:1,1
DA:2,1
DA:3,1
DA:4,1
DA:5,1
DA:6,2
DA:7,2
DA:8,2
DA:9,2
DA:10,2
DA:11,2
DA:12,2
DA:13,1
DA:14,1
DA:15,1
DA:16,1
DA:17,1
DA:18,1
DA:19,1
DA:20,1
DA:21,2
DA:22,2
DA:23,2
DA:24,2
DA:25,2
DA:26,2
DA:27,2
DA:28,2
DA:29,2
DA:30,2
DA:31,2
DA:32,2
DA:33,2
DA:34,2
DA:35,2
DA:36,2
DA:37,2
DA:38,2
DA:39,2
DA:40,2
DA:41,2
DA:42,2
LF:42
LH:42
BRDA:5,0,0,2
BRDA:12,1,0,1
BRF:2
BRH:2
end_of_record
TN:
SF:src/infrastructure/database/models/index.js
FNF:0
FNH:0
DA:1,1
DA:2,1
DA:3,1
DA:4,1
DA:5,1
DA:6,1
DA:7,1
DA:8,1
DA:9,1
DA:10,1
DA:11,1
DA:12,1
DA:13,1
DA:14,0
DA:15,1
DA:16,1
DA:17,1
DA:18,1
DA:19,1
DA:20,1
DA:21,1
DA:22,1
DA:23,1
DA:24,1
DA:25,1
DA:26,4
DA:27,4
DA:28,4
DA:29,4
DA:30,3
DA:31,4
DA:32,4
DA:33,1
DA:34,3
DA:35,3
DA:36,3
DA:37,3
DA:38,3
DA:39,1
DA:40,1
DA:41,1
DA:42,3
DA:43,3
DA:44,3
DA:45,3
DA:46,1
DA:47,1
DA:48,1
DA:49,1
DA:50,1
DA:51,1
DA:52,1
DA:53,1
DA:54,1
DA:55,1
LF:55
LH:54
BRDA:8,0,0,0
BRDA:13,1,0,0
BRDA:25,2,0,4
BRDA:28,3,0,3
BRDA:29,4,0,3
BRDA:33,5,0,3
BRDA:41,6,0,3
BRF:7
BRH:5
end_of_record
TN:
SF:src/infrastructure/database/models/user.js
FN:3,Object.<anonymous>.module.exports
FN:10,associate
FNF:2
FNH:2
FNDA:2,Object.<anonymous>.module.exports
FNDA:1,associate
DA:1,1
DA:2,1
DA:3,1
DA:4,2
DA:5,2
DA:6,2
DA:7,2
DA:8,2
DA:9,2
DA:10,2
DA:11,1
DA:12,1
DA:13,1
DA:14,1
DA:15,2
DA:16,2
DA:17,2
DA:18,2
DA:19,2
DA:20,2
DA:21,2
DA:22,2
DA:23,2
DA:24,2
DA:25,2
DA:26,2
DA:27,2
DA:28,2
DA:29,2
DA:30,2
DA:31,2
DA:32,2
DA:33,2
DA:34,2
DA:35,2
LF:35
LH:35
BRDA:3,0,0,2
BRDA:10,1,0,1
BRF:2
BRH:2
end_of_record
TN:
SF:src/interfaces/controllers/bookController.js
FN:4,getListBooks
FNF:1
FNH:1
FNDA:7,getListBooks
DA:1,1
DA:2,1
DA:3,1
DA:4,1
DA:5,7
DA:6,7
DA:7,7
DA:8,2
DA:9,7
DA:10,5
DA:11,5
DA:12,1
DA:13,1
DA:14,1
DA:15,1
DA:16,1
DA:17,1
DA:18,5
DA:19,6
DA:20,6
DA:21,7
DA:22,2
DA:23,7
DA:24,4
DA:25,4
DA:26,1
DA:27,1
DA:28,1
DA:29,1
DA:30,1
DA:31,1
DA:32,4
DA:33,5
DA:34,5
DA:35,5
DA:36,5
DA:37,1
DA:38,1
DA:39,1
DA:40,1
LF:40
LH:40
BRDA:4,0,0,7
BRDA:7,1,0,6
BRDA:7,2,0,2
BRDA:9,3,0,5
BRDA:11,4,0,4
BRDA:11,5,0,1
BRDA:18,6,0,6
BRDA:21,7,0,5
BRDA:21,8,0,2
BRDA:23,9,0,4
BRDA:25,10,0,3
BRDA:25,11,0,1
BRDA:32,12,0,5
BRF:13
BRH:13
end_of_record
TN:
SF:src/interfaces/controllers/userController.js
FN:3,getListUser
FNF:1
FNH:1
FNDA:7,getListUser
DA:1,1
DA:2,1
DA:3,1
DA:4,7
DA:5,7
DA:6,7
DA:7,2
DA:8,7
DA:9,5
DA:10,5
DA:11,1
DA:12,1
DA:13,1
DA:14,1
DA:15,1
DA:16,1
DA:17,5
DA:18,6
DA:19,6
DA:20,7
DA:21,2
DA:22,7
DA:23,4
DA:24,4
DA:25,1
DA:26,1
DA:27,1
DA:28,1
DA:29,1
DA:30,1
DA:31,4
DA:32,5
DA:33,5
DA:34,5
DA:35,5
DA:36,1
DA:37,1
DA:38,1
DA:39,1
LF:39
LH:39
BRDA:3,0,0,7
BRDA:6,1,0,6
BRDA:6,2,0,2
BRDA:8,3,0,5
BRDA:10,4,0,4
BRDA:10,5,0,1
BRDA:17,6,0,6
BRDA:20,7,0,5
BRDA:20,8,0,2
BRDA:22,9,0,4
BRDA:24,10,0,3
BRDA:24,11,0,1
BRDA:31,12,0,5
BRF:13
BRH:13
end_of_record
TN:
SF:src/interfaces/middleware/requestId.js
FN:3,requestIdMiddleware
FNF:1
FNH:1
FNDA:7,requestIdMiddleware
DA:1,1
DA:2,1
DA:3,1
DA:4,7
DA:5,7
DA:6,7
DA:7,7
DA:8,7
DA:9,7
DA:10,7
DA:11,7
DA:12,7
DA:13,7
DA:14,7
DA:15,7
DA:16,7
DA:17,1
DA:18,1
LF:18
LH:18
BRDA:3,0,0,7
BRF:1
BRH:1
end_of_record
TN:
SF:src/interfaces/middleware/requestLogger.js
FN:1,requestLoggerMiddleware
FNF:1
FNH:1
FNDA:7,requestLoggerMiddleware
DA:1,1
DA:2,7
DA:3,7
DA:4,7
DA:5,1
DA:6,1
LF:6
LH:6
BRDA:1,0,0,7
BRF:1
BRH:1
end_of_record
TN:
SF:src/interfaces/routes/bookRoutes.js
FNF:0
FNH:0
DA:1,1
DA:2,1
DA:3,1
DA:4,1
DA:5,1
DA:6,1
DA:7,1
LF:7
LH:7
BRF:0
BRH:0
end_of_record
TN:
SF:src/interfaces/routes/userRoutes.js
FNF:0
FNH:0
DA:1,1
DA:2,1
DA:3,1
DA:4,1
DA:5,1
DA:6,1
DA:7,1
LF:7
LH:7
BRF:0
BRH:0
end_of_record
TN:
SF:src/interfaces/utils/templateResponeApi.js
FN:2,toTemplateResponseApi
FNF:1
FNH:1
FNDA:5,toTemplateResponseApi
DA:1,1
DA:2,1
DA:3,5
DA:4,5
DA:5,5
DA:6,5
DA:7,5
DA:8,5
DA:9,5
DA:10,5
DA:11,1
LF:11
LH:11
BRDA:2,0,0,5
BRF:1
BRH:1
end_of_record
